hello from node: 1, gpu idx: None, ngpus_per_node: 2, world-size: 4
Use GPU: 0 for training
=> creating model 'resnet18'
0
=> Dummy data is used!
start epoch 0
start training epoch 0
Use GPU: 1 for training
=> creating model 'resnet18'
1
=> Dummy data is used!
start epoch 0
start training epoch 0
gpu147:15869:15869 [1] NCCL INFO cudaDriverVersion 12000
gpu147:15869:15869 [1] NCCL INFO Bootstrap : Using bond0:172.17.8.147<0>
gpu147:15869:15869 [1] NCCL INFO NET/Plugin : Plugin load (libnccl-net.so) returned 2 : libnccl-net.so: cannot open shared object file: No such file or directory
gpu147:15869:15869 [1] NCCL INFO NET/Plugin : No plugin found, using internal implementation
gpu147:15869:16355 [1] NCCL INFO NCCL_IB_DISABLE set by environment to 1.
gpu147:15869:16355 [1] NCCL INFO NET/Socket : Using [0]bond0:172.17.8.147<0>
gpu147:15869:16355 [1] NCCL INFO Using network Socket
gpu147:15869:16355 [1] NCCL INFO comm 0x73adb90 rank 3 nranks 4 cudaDev 1 nvmlDev 1 busId 2f000 commId 0x1bba34382bd1f362 - Init START
gpu147:15869:16355 [1] NCCL INFO Setting affinity for GPU 1 to 100001
gpu147:15869:16355 [1] NCCL INFO Trees [0] -1/-1/-1->3->2 [1] -1/-1/-1->3->2
gpu147:15869:16355 [1] NCCL INFO P2P Chunksize set to 131072
gpu147:15869:16355 [1] NCCL INFO Channel 00/0 : 3[1] -> 0[0] [send] via NET/Socket/0
gpu147:15869:16355 [1] NCCL INFO Channel 01/0 : 3[1] -> 0[0] [send] via NET/Socket/0
gpu147:15869:16355 [1] NCCL INFO Connected all rings
gpu147:15869:16355 [1] NCCL INFO Channel 00 : 3[1] -> 2[0] via SHM/direct/direct
gpu147:15869:16355 [1] NCCL INFO Channel 01 : 3[1] -> 2[0] via SHM/direct/direct
gpu147:15869:16355 [1] NCCL INFO Connected all trees
gpu147:15869:16355 [1] NCCL INFO threadThresholds 8/8/64 | 32/8/64 | 512 | 512
gpu147:15869:16355 [1] NCCL INFO 2 coll channels, 0 nvls channels, 2 p2p channels, 2 p2p channels per peer
gpu147:15869:16355 [1] NCCL INFO comm 0x73adb90 rank 3 nranks 4 cudaDev 1 nvmlDev 1 busId 2f000 commId 0x1bba34382bd1f362 - Init COMPLETE
gpu147:15868:15868 [0] NCCL INFO cudaDriverVersion 12000
gpu147:15868:15868 [0] NCCL INFO Bootstrap : Using bond0:172.17.8.147<0>
gpu147:15868:15868 [0] NCCL INFO NET/Plugin : Plugin load (libnccl-net.so) returned 2 : libnccl-net.so: cannot open shared object file: No such file or directory
gpu147:15868:15868 [0] NCCL INFO NET/Plugin : No plugin found, using internal implementation
gpu147:15868:16357 [0] NCCL INFO NCCL_IB_DISABLE set by environment to 1.
gpu147:15868:16357 [0] NCCL INFO NET/Socket : Using [0]bond0:172.17.8.147<0>
gpu147:15868:16357 [0] NCCL INFO Using network Socket
gpu147:15868:16357 [0] NCCL INFO comm 0x4878a370 rank 2 nranks 4 cudaDev 0 nvmlDev 0 busId 6000 commId 0x1bba34382bd1f362 - Init START
gpu147:15868:16357 [0] NCCL INFO Setting affinity for GPU 0 to 100001
gpu147:15868:16357 [0] NCCL INFO Trees [0] 3/-1/-1->2->0 [1] 3/0/-1->2->-1
gpu147:15868:16357 [0] NCCL INFO P2P Chunksize set to 131072
gpu147:15868:16357 [0] NCCL INFO Channel 00/0 : 1[1] -> 2[0] [receive] via NET/Socket/0
gpu147:15868:16357 [0] NCCL INFO Channel 01/0 : 1[1] -> 2[0] [receive] via NET/Socket/0
gpu147:15868:16357 [0] NCCL INFO Channel 00 : 2[0] -> 3[1] via SHM/direct/direct
gpu147:15868:16357 [0] NCCL INFO Channel 01 : 2[0] -> 3[1] via SHM/direct/direct
gpu147:15868:16357 [0] NCCL INFO Connected all rings
gpu147:15868:16357 [0] NCCL INFO Channel 00/0 : 0[0] -> 2[0] [receive] via NET/Socket/0
gpu147:15868:16357 [0] NCCL INFO Channel 01/0 : 0[0] -> 2[0] [receive] via NET/Socket/0
gpu147:15868:16357 [0] NCCL INFO Channel 00/0 : 2[0] -> 0[0] [send] via NET/Socket/0
gpu147:15868:16357 [0] NCCL INFO Channel 01/0 : 2[0] -> 0[0] [send] via NET/Socket/0
gpu147:15868:16357 [0] NCCL INFO Connected all trees
gpu147:15868:16357 [0] NCCL INFO threadThresholds 8/8/64 | 32/8/64 | 512 | 512
gpu147:15868:16357 [0] NCCL INFO 2 coll channels, 0 nvls channels, 2 p2p channels, 2 p2p channels per peer
gpu147:15868:16357 [0] NCCL INFO comm 0x4878a370 rank 2 nranks 4 cudaDev 0 nvmlDev 0 busId 6000 commId 0x1bba34382bd1f362 - Init COMPLETE
